<?xml version="1.0" encoding="UTF-8"?>
<testng-results skipped="0" failed="0" ignored="0" total="1" passed="1">
  <reporter-output>
  </reporter-output>
  <suite name="Default suite" duration-ms="8517" started-at="2020-05-20T20:10:28 EDT" finished-at="2020-05-20T20:10:37 EDT">
    <groups>
    </groups>
    <test name="Default test" duration-ms="8517" started-at="2020-05-20T20:10:28 EDT" finished-at="2020-05-20T20:10:37 EDT">
      <class name="test.SelectTest">
        <test-method status="PASS" signature="Selectclass()[pri:0, instance:test.SelectTest@17695df3]" name="Selectclass" duration-ms="8472" started-at="2020-05-20T20:10:28 EDT" finished-at="2020-05-20T20:10:37 EDT">
          <reporter-output>
          </reporter-output>
        </test-method> <!-- Selectclass -->
      </class> <!-- test.SelectTest -->
    </test> <!-- Default test -->
  </suite> <!-- Default suite -->
</testng-results>
